<?xml version="1.0" encoding="UTF-8"?>
<!-- Generated by org.testng.reporters.JUnitReportReporter -->
<testsuite hostname="Jhansi29" failures="0" tests="1" name="com.api.qa.CRUD.Assertions.POST_Request_Response_Validation_Ex_002" time="5.348" errors="0" timestamp="2025-04-06T22:46:46 IST" skipped="0">
  <testcase classname="com.api.qa.CRUD.Assertions.POST_Request_Response_Validation_Ex_002" name="Test_CreatBooking_Post_Validation" time="5.348"/>
</testsuite> <!-- com.api.qa.CRUD.Assertions.POST_Request_Response_Validation_Ex_002 -->
