<?xml version="1.0" encoding="UTF-8"?>
<!-- Generated by org.testng.reporters.JUnitReportReporter -->
<testsuite hostname="Jhansi29" failures="0" tests="1" name="com.api.qa.CRUD.POJOS.De_serialisation_pojo_Class_Ex_001" time="4.056" errors="0" timestamp="2025-04-09T23:01:19 IST" skipped="0">
  <testcase classname="com.api.qa.CRUD.POJOS.De_serialisation_pojo_Class_Ex_001" name="Pojoserialization" time="4.056"/>
</testsuite> <!-- com.api.qa.CRUD.POJOS.De_serialisation_pojo_Class_Ex_001 -->
