<?xml version="1.0" encoding="UTF-8"?>
<!-- Generated by org.testng.reporters.JUnitReportReporter -->
<testsuite hostname="Jhansi29" failures="0" tests="2" name="com.api.qa.CRUD.DELETE.DELETE_NBDD_EX_005_RestFull_Objects" time="5.441" errors="0" timestamp="2025-04-06T14:59:02 IST" skipped="0">
  <testcase classname="com.api.qa.CRUD.DELETE.DELETE_NBDD_EX_005_RestFull_Objects" name="Delete_object" time="5.032"/>
  <testcase classname="com.api.qa.CRUD.DELETE.DELETE_NBDD_EX_005_RestFull_Objects" name="get_deleted_object" time="0.409"/>
</testsuite> <!-- com.api.qa.CRUD.DELETE.DELETE_NBDD_EX_005_RestFull_Objects -->
