<?xml version="1.0" encoding="UTF-8"?>
<!-- Generated by org.testng.reporters.JUnitReportReporter -->
<testsuite hostname="Jhansi29" failures="0" tests="1" name="com.api.qa.CRUD.POST.POST_NBDD_EX_004_WithToken" time="4.647" errors="0" timestamp="2025-04-06T12:06:22 IST" skipped="0">
  <testcase classname="com.api.qa.CRUD.POST.POST_NBDD_EX_004_WithToken" name="SendPOST_Request" time="4.647"/>
</testsuite> <!-- com.api.qa.CRUD.POST.POST_NBDD_EX_004_WithToken -->
