<?xml version="1.0" encoding="UTF-8"?>
<!-- Generated by org.testng.reporters.JUnitReportReporter -->
<testsuite hostname="Jhansi29" failures="0" tests="1" name="com.api.qa.CRUD.POST.POST_NBDD_EX_005_Restfull_Objects" time="4.111" errors="0" timestamp="2025-04-06T14:38:20 IST" skipped="0">
  <testcase classname="com.api.qa.CRUD.POST.POST_NBDD_EX_005_Restfull_Objects" name="CreateanObject" time="4.111"/>
</testsuite> <!-- com.api.qa.CRUD.POST.POST_NBDD_EX_005_Restfull_Objects -->
