<?xml version="1.0" encoding="UTF-8"?>
<!-- Generated by org.testng.reporters.JUnitReportReporter -->
<testsuite hostname="Jhansi29" failures="0" tests="2" name="com.api.qa.CRUD.POJOS.MJ.Gson_serialisation" time="5.809" errors="0" timestamp="2025-04-08T21:06:20 IST" skipped="0">
  <testcase classname="com.api.qa.CRUD.POJOS.MJ.Gson_serialisation" name="TC_1_Restfulobject_post" time="4.806"/>
  <testcase classname="com.api.qa.CRUD.POJOS.MJ.Gson_serialisation" name="TC_2_Restfulobject_post" time="1.003"/>
</testsuite> <!-- com.api.qa.CRUD.POJOS.MJ.Gson_serialisation -->
