<?xml version="1.0" encoding="UTF-8"?>
<!-- Generated by org.testng.reporters.JUnitReportReporter -->
<testsuite hostname="Jhansi29" failures="0" tests="2" name="com.api.qa.CRUD.Assertions.POST_Json_path_validation_Ex_005" time="5.834" errors="0" timestamp="2025-04-08T16:27:06 IST" skipped="0">
  <testcase classname="com.api.qa.CRUD.Assertions.POST_Json_path_validation_Ex_005" name="validation_Jsonpath_POST" time="5.683"/>
  <testcase classname="com.api.qa.CRUD.Assertions.POST_Json_path_validation_Ex_005" name="validation_Jsonpath_Response" time="0.151"/>
</testsuite> <!-- com.api.qa.CRUD.Assertions.POST_Json_path_validation_Ex_005 -->
