<?xml version="1.0" encoding="UTF-8"?>
<!-- Generated by org.testng.reporters.JUnitReportReporter -->
<testsuite hostname="Jhansi29" failures="0" tests="1" name="com.api.qa.CRUD.Assertions.POST_Assertj_validation_Ex_003" time="5.775" errors="0" timestamp="2025-04-06T23:06:22 IST" skipped="0">
  <testcase classname="com.api.qa.CRUD.Assertions.POST_Assertj_validation_Ex_003" name="Test_CreatBooking_Post_Validation" time="5.775"/>
</testsuite> <!-- com.api.qa.CRUD.Assertions.POST_Assertj_validation_Ex_003 -->
