<?xml version="1.0" encoding="UTF-8"?>
<!-- Generated by org.testng.reporters.JUnitReportReporter -->
<testsuite hostname="Jhansi29" failures="0" tests="1" name="com.api.qa.CRUD.POJOS.Hashmap_Pojo_class_Ex_002" time="4.656" errors="0" timestamp="2025-04-09T19:59:52 IST" skipped="0">
  <testcase classname="com.api.qa.CRUD.POJOS.Hashmap_Pojo_class_Ex_002" name="hashmap_payload" time="4.656"/>
</testsuite> <!-- com.api.qa.CRUD.POJOS.Hashmap_Pojo_class_Ex_002 -->
