<?xml version="1.0" encoding="UTF-8"?>
<!-- Generated by org.testng.reporters.JUnitReportReporter -->
<testsuite hostname="Jhansi29" failures="0" tests="1" name="com.api.qa.CRUD.POJOS.Serialisation_Pojo_Ex_001" time="4.872" errors="0" timestamp="2025-04-08T18:36:02 IST" skipped="0">
  <testcase classname="com.api.qa.CRUD.POJOS.Serialisation_Pojo_Ex_001" name="Pojoserialization" time="4.872"/>
</testsuite> <!-- com.api.qa.CRUD.POJOS.Serialisation_Pojo_Ex_001 -->
