<?xml version="1.0" encoding="UTF-8"?>
<!-- Generated by org.testng.reporters.JUnitReportReporter -->
<testsuite hostname="Jhansi29" failures="0" tests="1" name="com.api.qa.CRUD.POJOS.Serialisation_Pojo_Ex_001" time="5.267" errors="0" timestamp="2025-05-16T15:14:05 IST" skipped="0">
  <testcase classname="com.api.qa.CRUD.POJOS.Serialisation_Pojo_Ex_001" name="Pojoserialization" time="5.267"/>
</testsuite> <!-- com.api.qa.CRUD.POJOS.Serialisation_Pojo_Ex_001 -->
