<?xml version="1.0" encoding="UTF-8"?>
<!-- Generated by org.testng.reporters.JUnitReportReporter -->
<testsuite hostname="Jhansi29" failures="0" tests="1" name="com.api.qa.CRUD.PUT.PUT_NBDD_EX_005_RestFull_Objects" time="4.192" errors="0" timestamp="2025-04-06T14:39:53 IST" skipped="0">
  <testcase classname="com.api.qa.CRUD.PUT.PUT_NBDD_EX_005_RestFull_Objects" name="PUT_ObjectRequest" time="4.192"/>
</testsuite> <!-- com.api.qa.CRUD.PUT.PUT_NBDD_EX_005_RestFull_Objects -->
