<?xml version="1.0" encoding="UTF-8"?>
<!-- Generated by org.testng.reporters.JUnitReportReporter -->
<testsuite hostname="Jhansi29" failures="0" tests="7" name="com.api.qa.CRUD.All_CRUD_OPS_EX_001" time="15.249" errors="0" timestamp="2025-04-09T18:29:43 IST" skipped="0">
  <testcase classname="com.api.qa.CRUD.All_CRUD_OPS_EX_001" name="Test_06_DelBooking_DELETE" time="1.615"/>
  <testcase classname="com.api.qa.CRUD.All_CRUD_OPS_EX_001" name="Test_02_CreateBooking_POST" time="1.634"/>
  <testcase classname="com.api.qa.CRUD.All_CRUD_OPS_EX_001" name="Test_07_Verify_DeletedBooking_GET" time="1.540"/>
  <testcase classname="com.api.qa.CRUD.All_CRUD_OPS_EX_001" name="Test_04_UpdateBooking_PUT" time="1.648"/>
  <testcase classname="com.api.qa.CRUD.All_CRUD_OPS_EX_001" name="Test_01_CreateToken" time="5.788"/>
  <testcase classname="com.api.qa.CRUD.All_CRUD_OPS_EX_001" name="Test_03_Verify_CreatedBooking_GET" time="1.560"/>
  <testcase classname="com.api.qa.CRUD.All_CRUD_OPS_EX_001" name="Test_05_Verify_UpdatedBooking_GET" time="1.464"/>
</testsuite> <!-- com.api.qa.CRUD.All_CRUD_OPS_EX_001 -->
